
*** Running vivado
    with args -log System_wrapper.vds -m64 -product Vivado -mode batch -messageDb vivado.pb -notrace -source System_wrapper.tcl


****** Vivado v2018.2 (64-bit)
  **** SW Build 2258646 on Thu Jun 14 20:02:38 MDT 2018
  **** IP Build 2256618 on Thu Jun 14 22:10:49 MDT 2018
    ** Copyright 1986-2018 Xilinx, Inc. All Rights Reserved.

source System_wrapper.tcl -notrace
INFO: [IP_Flow 19-234] Refreshing IP repositories
INFO: [IP_Flow 19-1704] No user IP repositories specified
INFO: [IP_Flow 19-2313] Loaded Vivado IP repository '/opt/Xilinx/Vivado/2018.2/data/ip'.
Command: synth_design -top System_wrapper -part xc7z020clg484-1
Starting synth_design
Attempting to get a license for feature 'Synthesis' and/or device 'xc7z020'
INFO: [Common 17-349] Got license for feature 'Synthesis' and/or device 'xc7z020'
INFO: Launching helper process for spawning children vivado processes
INFO: Helper process launched with PID 29779 
---------------------------------------------------------------------------------
Starting RTL Elaboration : Time (s): cpu = 00:00:01 ; elapsed = 00:00:02 . Memory (MB): peak = 1344.605 ; gain = 83.848 ; free physical = 1233 ; free virtual = 6888
---------------------------------------------------------------------------------
INFO: [Synth 8-638] synthesizing module 'System_wrapper' [/home/adam/COMSE6424/avnet01/avnet01.srcs/sources_1/bd/System/hdl/System_wrapper.vhd:23]
INFO: [Synth 8-3491] module 'System' declared at '/home/adam/COMSE6424/avnet01/avnet01.srcs/sources_1/bd/System/synth/System.vhd:14' bound to instance 'System_i' of component 'System' [/home/adam/COMSE6424/avnet01/avnet01.srcs/sources_1/bd/System/hdl/System_wrapper.vhd:33]
INFO: [Synth 8-638] synthesizing module 'System' [/home/adam/COMSE6424/avnet01/avnet01.srcs/sources_1/bd/System/synth/System.vhd:27]
INFO: [Synth 8-3491] module 'System_processing_system7_0_2' declared at '/home/adam/COMSE6424/avnet01/avnet01.runs/synth_1/.Xil/Vivado-29771-tk0l/realtime/System_processing_system7_0_2_stub.vhdl:5' bound to instance 'processing_system7_0' of component 'System_processing_system7_0_2' [/home/adam/COMSE6424/avnet01/avnet01.srcs/sources_1/bd/System/synth/System.vhd:48]
INFO: [Synth 8-638] synthesizing module 'System_processing_system7_0_2' [/home/adam/COMSE6424/avnet01/avnet01.runs/synth_1/.Xil/Vivado-29771-tk0l/realtime/System_processing_system7_0_2_stub.vhdl:15]
INFO: [Synth 8-256] done synthesizing module 'System' (1#1) [/home/adam/COMSE6424/avnet01/avnet01.srcs/sources_1/bd/System/synth/System.vhd:27]
INFO: [Synth 8-256] done synthesizing module 'System_wrapper' (2#1) [/home/adam/COMSE6424/avnet01/avnet01.srcs/sources_1/bd/System/hdl/System_wrapper.vhd:23]
---------------------------------------------------------------------------------
Finished RTL Elaboration : Time (s): cpu = 00:00:02 ; elapsed = 00:00:02 . Memory (MB): peak = 1388.230 ; gain = 127.473 ; free physical = 1255 ; free virtual = 6905
---------------------------------------------------------------------------------

Report Check Netlist: 
+------+------------------+-------+---------+-------+------------------+
|      |Item              |Errors |Warnings |Status |Description       |
+------+------------------+-------+---------+-------+------------------+
|1     |multi_driven_nets |      0|        0|Passed |Multi driven nets |
+------+------------------+-------+---------+-------+------------------+
---------------------------------------------------------------------------------
Start Handling Custom Attributes
---------------------------------------------------------------------------------
---------------------------------------------------------------------------------
Finished Handling Custom Attributes : Time (s): cpu = 00:00:02 ; elapsed = 00:00:02 . Memory (MB): peak = 1388.230 ; gain = 127.473 ; free physical = 1255 ; free virtual = 6905
---------------------------------------------------------------------------------
---------------------------------------------------------------------------------
Finished RTL Optimization Phase 1 : Time (s): cpu = 00:00:02 ; elapsed = 00:00:02 . Memory (MB): peak = 1388.230 ; gain = 127.473 ; free physical = 1255 ; free virtual = 6905
---------------------------------------------------------------------------------
INFO: [Device 21-403] Loading part xc7z020clg484-1
INFO: [Project 1-570] Preparing netlist for logic optimization

Processing XDC Constraints
Initializing timing engine
Parsing XDC File [/home/adam/COMSE6424/avnet01/avnet01.srcs/sources_1/bd/System/ip/System_processing_system7_0_2/System_processing_system7_0_2/System_processing_system7_0_2_in_context.xdc] for cell 'System_i/processing_system7_0'
Finished Parsing XDC File [/home/adam/COMSE6424/avnet01/avnet01.srcs/sources_1/bd/System/ip/System_processing_system7_0_2/System_processing_system7_0_2/System_processing_system7_0_2_in_context.xdc] for cell 'System_i/processing_system7_0'
Parsing XDC File [/home/adam/COMSE6424/avnet01/avnet01.runs/synth_1/dont_touch.xdc]
Finished Parsing XDC File [/home/adam/COMSE6424/avnet01/avnet01.runs/synth_1/dont_touch.xdc]
Completed Processing XDC Constraints

INFO: [Project 1-111] Unisim Transformation Summary:
No Unisim elements were transformed.

Constraint Validation Runtime : Time (s): cpu = 00:00:00 ; elapsed = 00:00:00 . Memory (MB): peak = 1676.465 ; gain = 0.000 ; free physical = 727 ; free virtual = 6423
---------------------------------------------------------------------------------
Finished Constraint Validation : Time (s): cpu = 00:00:09 ; elapsed = 00:00:20 . Memory (MB): peak = 1676.465 ; gain = 415.707 ; free physical = 836 ; free virtual = 6532
---------------------------------------------------------------------------------
---------------------------------------------------------------------------------
Start Loading Part and Timing Information
---------------------------------------------------------------------------------
Loading part: xc7z020clg484-1
---------------------------------------------------------------------------------
Finished Loading Part and Timing Information : Time (s): cpu = 00:00:09 ; elapsed = 00:00:20 . Memory (MB): peak = 1676.465 ; gain = 415.707 ; free physical = 836 ; free virtual = 6532
---------------------------------------------------------------------------------
---------------------------------------------------------------------------------
Start Applying 'set_property' XDC Constraints
---------------------------------------------------------------------------------
Applied set_property IO_BUFFER_TYPE = NONE for FIXED_IO_mio[0]. (constraint file  /home/adam/COMSE6424/avnet01/avnet01.srcs/sources_1/bd/System/ip/System_processing_system7_0_2/System_processing_system7_0_2/System_processing_system7_0_2_in_context.xdc, line 1).
Applied set_property CLOCK_BUFFER_TYPE = NONE for FIXED_IO_mio[0]. (constraint file  /home/adam/COMSE6424/avnet01/avnet01.srcs/sources_1/bd/System/ip/System_processing_system7_0_2/System_processing_system7_0_2/System_processing_system7_0_2_in_context.xdc, line 2).
Applied set_property IO_BUFFER_TYPE = NONE for FIXED_IO_mio[10]. (constraint file  /home/adam/COMSE6424/avnet01/avnet01.srcs/sources_1/bd/System/ip/System_processing_system7_0_2/System_processing_system7_0_2/System_processing_system7_0_2_in_context.xdc, line 3).
Applied set_property CLOCK_BUFFER_TYPE = NONE for FIXED_IO_mio[10]. (constraint file  /home/adam/COMSE6424/avnet01/avnet01.srcs/sources_1/bd/System/ip/System_processing_system7_0_2/System_processing_system7_0_2/System_processing_system7_0_2_in_context.xdc, line 4).
Applied set_property IO_BUFFER_TYPE = NONE for FIXED_IO_mio[11]. (constraint file  /home/adam/COMSE6424/avnet01/avnet01.srcs/sources_1/bd/System/ip/System_processing_system7_0_2/System_processing_system7_0_2/System_processing_system7_0_2_in_context.xdc, line 5).
Applied set_property CLOCK_BUFFER_TYPE = NONE for FIXED_IO_mio[11]. (constraint file  /home/adam/COMSE6424/avnet01/avnet01.srcs/sources_1/bd/System/ip/System_processing_system7_0_2/System_processing_system7_0_2/System_processing_system7_0_2_in_context.xdc, line 6).
Applied set_property IO_BUFFER_TYPE = NONE for FIXED_IO_mio[12]. (constraint file  /home/adam/COMSE6424/avnet01/avnet01.srcs/sources_1/bd/System/ip/System_processing_system7_0_2/System_processing_system7_0_2/System_processing_system7_0_2_in_context.xdc, line 7).
Applied set_property CLOCK_BUFFER_TYPE = NONE for FIXED_IO_mio[12]. (constraint file  /home/adam/COMSE6424/avnet01/avnet01.srcs/sources_1/bd/System/ip/System_processing_system7_0_2/System_processing_system7_0_2/System_processing_system7_0_2_in_context.xdc, line 8).
Applied set_property IO_BUFFER_TYPE = NONE for FIXED_IO_mio[13]. (constraint file  /home/adam/COMSE6424/avnet01/avnet01.srcs/sources_1/bd/System/ip/System_processing_system7_0_2/System_processing_system7_0_2/System_processing_system7_0_2_in_context.xdc, line 9).
Applied set_property CLOCK_BUFFER_TYPE = NONE for FIXED_IO_mio[13]. (constraint file  /home/adam/COMSE6424/avnet01/avnet01.srcs/sources_1/bd/System/ip/System_processing_system7_0_2/System_processing_system7_0_2/System_processing_system7_0_2_in_context.xdc, line 10).
Applied set_property IO_BUFFER_TYPE = NONE for FIXED_IO_mio[14]. (constraint file  /home/adam/COMSE6424/avnet01/avnet01.srcs/sources_1/bd/System/ip/System_processing_system7_0_2/System_processing_system7_0_2/System_processing_system7_0_2_in_context.xdc, line 11).
Applied set_property CLOCK_BUFFER_TYPE = NONE for FIXED_IO_mio[14]. (constraint file  /home/adam/COMSE6424/avnet01/avnet01.srcs/sources_1/bd/System/ip/System_processing_system7_0_2/System_processing_system7_0_2/System_processing_system7_0_2_in_context.xdc, line 12).
Applied set_property IO_BUFFER_TYPE = NONE for FIXED_IO_mio[15]. (constraint file  /home/adam/COMSE6424/avnet01/avnet01.srcs/sources_1/bd/System/ip/System_processing_system7_0_2/System_processing_system7_0_2/System_processing_system7_0_2_in_context.xdc, line 13).
Applied set_property CLOCK_BUFFER_TYPE = NONE for FIXED_IO_mio[15]. (constraint file  /home/adam/COMSE6424/avnet01/avnet01.srcs/sources_1/bd/System/ip/System_processing_system7_0_2/System_processing_system7_0_2/System_processing_system7_0_2_in_context.xdc, line 14).
Applied set_property IO_BUFFER_TYPE = NONE for FIXED_IO_mio[16]. (constraint file  /home/adam/COMSE6424/avnet01/avnet01.srcs/sources_1/bd/System/ip/System_processing_system7_0_2/System_processing_system7_0_2/System_processing_system7_0_2_in_context.xdc, line 15).
Applied set_property CLOCK_BUFFER_TYPE = NONE for FIXED_IO_mio[16]. (constraint file  /home/adam/COMSE6424/avnet01/avnet01.srcs/sources_1/bd/System/ip/System_processing_system7_0_2/System_processing_system7_0_2/System_processing_system7_0_2_in_context.xdc, line 16).
Applied set_property IO_BUFFER_TYPE = NONE for FIXED_IO_mio[17]. (constraint file  /home/adam/COMSE6424/avnet01/avnet01.srcs/sources_1/bd/System/ip/System_processing_system7_0_2/System_processing_system7_0_2/System_processing_system7_0_2_in_context.xdc, line 17).
Applied set_property CLOCK_BUFFER_TYPE = NONE for FIXED_IO_mio[17]. (constraint file  /home/adam/COMSE6424/avnet01/avnet01.srcs/sources_1/bd/System/ip/System_processing_system7_0_2/System_processing_system7_0_2/System_processing_system7_0_2_in_context.xdc, line 18).
Applied set_property IO_BUFFER_TYPE = NONE for FIXED_IO_mio[18]. (constraint file  /home/adam/COMSE6424/avnet01/avnet01.srcs/sources_1/bd/System/ip/System_processing_system7_0_2/System_processing_system7_0_2/System_processing_system7_0_2_in_context.xdc, line 19).
Applied set_property CLOCK_BUFFER_TYPE = NONE for FIXED_IO_mio[18]. (constraint file  /home/adam/COMSE6424/avnet01/avnet01.srcs/sources_1/bd/System/ip/System_processing_system7_0_2/System_processing_system7_0_2/System_processing_system7_0_2_in_context.xdc, line 20).
Applied set_property IO_BUFFER_TYPE = NONE for FIXED_IO_mio[19]. (constraint file  /home/adam/COMSE6424/avnet01/avnet01.srcs/sources_1/bd/System/ip/System_processing_system7_0_2/System_processing_system7_0_2/System_processing_system7_0_2_in_context.xdc, line 21).
Applied set_property CLOCK_BUFFER_TYPE = NONE for FIXED_IO_mio[19]. (constraint file  /home/adam/COMSE6424/avnet01/avnet01.srcs/sources_1/bd/System/ip/System_processing_system7_0_2/System_processing_system7_0_2/System_processing_system7_0_2_in_context.xdc, line 22).
Applied set_property IO_BUFFER_TYPE = NONE for FIXED_IO_mio[1]. (constraint file  /home/adam/COMSE6424/avnet01/avnet01.srcs/sources_1/bd/System/ip/System_processing_system7_0_2/System_processing_system7_0_2/System_processing_system7_0_2_in_context.xdc, line 23).
Applied set_property CLOCK_BUFFER_TYPE = NONE for FIXED_IO_mio[1]. (constraint file  /home/adam/COMSE6424/avnet01/avnet01.srcs/sources_1/bd/System/ip/System_processing_system7_0_2/System_processing_system7_0_2/System_processing_system7_0_2_in_context.xdc, line 24).
Applied set_property IO_BUFFER_TYPE = NONE for FIXED_IO_mio[20]. (constraint file  /home/adam/COMSE6424/avnet01/avnet01.srcs/sources_1/bd/System/ip/System_processing_system7_0_2/System_processing_system7_0_2/System_processing_system7_0_2_in_context.xdc, line 25).
Applied set_property CLOCK_BUFFER_TYPE = NONE for FIXED_IO_mio[20]. (constraint file  /home/adam/COMSE6424/avnet01/avnet01.srcs/sources_1/bd/System/ip/System_processing_system7_0_2/System_processing_system7_0_2/System_processing_system7_0_2_in_context.xdc, line 26).
Applied set_property IO_BUFFER_TYPE = NONE for FIXED_IO_mio[21]. (constraint file  /home/adam/COMSE6424/avnet01/avnet01.srcs/sources_1/bd/System/ip/System_processing_system7_0_2/System_processing_system7_0_2/System_processing_system7_0_2_in_context.xdc, line 27).
Applied set_property CLOCK_BUFFER_TYPE = NONE for FIXED_IO_mio[21]. (constraint file  /home/adam/COMSE6424/avnet01/avnet01.srcs/sources_1/bd/System/ip/System_processing_system7_0_2/System_processing_system7_0_2/System_processing_system7_0_2_in_context.xdc, line 28).
Applied set_property IO_BUFFER_TYPE = NONE for FIXED_IO_mio[22]. (constraint file  /home/adam/COMSE6424/avnet01/avnet01.srcs/sources_1/bd/System/ip/System_processing_system7_0_2/System_processing_system7_0_2/System_processing_system7_0_2_in_context.xdc, line 29).
Applied set_property CLOCK_BUFFER_TYPE = NONE for FIXED_IO_mio[22]. (constraint file  /home/adam/COMSE6424/avnet01/avnet01.srcs/sources_1/bd/System/ip/System_processing_system7_0_2/System_processing_system7_0_2/System_processing_system7_0_2_in_context.xdc, line 30).
Applied set_property IO_BUFFER_TYPE = NONE for FIXED_IO_mio[23]. (constraint file  /home/adam/COMSE6424/avnet01/avnet01.srcs/sources_1/bd/System/ip/System_processing_system7_0_2/System_processing_system7_0_2/System_processing_system7_0_2_in_context.xdc, line 31).
Applied set_property CLOCK_BUFFER_TYPE = NONE for FIXED_IO_mio[23]. (constraint file  /home/adam/COMSE6424/avnet01/avnet01.srcs/sources_1/bd/System/ip/System_processing_system7_0_2/System_processing_system7_0_2/System_processing_system7_0_2_in_context.xdc, line 32).
Applied set_property IO_BUFFER_TYPE = NONE for FIXED_IO_mio[24]. (constraint file  /home/adam/COMSE6424/avnet01/avnet01.srcs/sources_1/bd/System/ip/System_processing_system7_0_2/System_processing_system7_0_2/System_processing_system7_0_2_in_context.xdc, line 33).
Applied set_property CLOCK_BUFFER_TYPE = NONE for FIXED_IO_mio[24]. (constraint file  /home/adam/COMSE6424/avnet01/avnet01.srcs/sources_1/bd/System/ip/System_processing_system7_0_2/System_processing_system7_0_2/System_processing_system7_0_2_in_context.xdc, line 34).
Applied set_property IO_BUFFER_TYPE = NONE for FIXED_IO_mio[25]. (constraint file  /home/adam/COMSE6424/avnet01/avnet01.srcs/sources_1/bd/System/ip/System_processing_system7_0_2/System_processing_system7_0_2/System_processing_system7_0_2_in_context.xdc, line 35).
Applied set_property CLOCK_BUFFER_TYPE = NONE for FIXED_IO_mio[25]. (constraint file  /home/adam/COMSE6424/avnet01/avnet01.srcs/sources_1/bd/System/ip/System_processing_system7_0_2/System_processing_system7_0_2/System_processing_system7_0_2_in_context.xdc, line 36).
Applied set_property IO_BUFFER_TYPE = NONE for FIXED_IO_mio[26]. (constraint file  /home/adam/COMSE6424/avnet01/avnet01.srcs/sources_1/bd/System/ip/System_processing_system7_0_2/System_processing_system7_0_2/System_processing_system7_0_2_in_context.xdc, line 37).
Applied set_property CLOCK_BUFFER_TYPE = NONE for FIXED_IO_mio[26]. (constraint file  /home/adam/COMSE6424/avnet01/avnet01.srcs/sources_1/bd/System/ip/System_processing_system7_0_2/System_processing_system7_0_2/System_processing_system7_0_2_in_context.xdc, line 38).
Applied set_property IO_BUFFER_TYPE = NONE for FIXED_IO_mio[27]. (constraint file  /home/adam/COMSE6424/avnet01/avnet01.srcs/sources_1/bd/System/ip/System_processing_system7_0_2/System_processing_system7_0_2/System_processing_system7_0_2_in_context.xdc, line 39).
Applied set_property CLOCK_BUFFER_TYPE = NONE for FIXED_IO_mio[27]. (constraint file  /home/adam/COMSE6424/avnet01/avnet01.srcs/sources_1/bd/System/ip/System_processing_system7_0_2/System_processing_system7_0_2/System_processing_system7_0_2_in_context.xdc, line 40).
Applied set_property IO_BUFFER_TYPE = NONE for FIXED_IO_mio[28]. (constraint file  /home/adam/COMSE6424/avnet01/avnet01.srcs/sources_1/bd/System/ip/System_processing_system7_0_2/System_processing_system7_0_2/System_processing_system7_0_2_in_context.xdc, line 41).
Applied set_property CLOCK_BUFFER_TYPE = NONE for FIXED_IO_mio[28]. (constraint file  /home/adam/COMSE6424/avnet01/avnet01.srcs/sources_1/bd/System/ip/System_processing_system7_0_2/System_processing_system7_0_2/System_processing_system7_0_2_in_context.xdc, line 42).
Applied set_property IO_BUFFER_TYPE = NONE for FIXED_IO_mio[29]. (constraint file  /home/adam/COMSE6424/avnet01/avnet01.srcs/sources_1/bd/System/ip/System_processing_system7_0_2/System_processing_system7_0_2/System_processing_system7_0_2_in_context.xdc, line 43).
Applied set_property CLOCK_BUFFER_TYPE = NONE for FIXED_IO_mio[29]. (constraint file  /home/adam/COMSE6424/avnet01/avnet01.srcs/sources_1/bd/System/ip/System_processing_system7_0_2/System_processing_system7_0_2/System_processing_system7_0_2_in_context.xdc, line 44).
Applied set_property IO_BUFFER_TYPE = NONE for FIXED_IO_mio[2]. (constraint file  /home/adam/COMSE6424/avnet01/avnet01.srcs/sources_1/bd/System/ip/System_processing_system7_0_2/System_processing_system7_0_2/System_processing_system7_0_2_in_context.xdc, line 45).
Applied set_property CLOCK_BUFFER_TYPE = NONE for FIXED_IO_mio[2]. (constraint file  /home/adam/COMSE6424/avnet01/avnet01.srcs/sources_1/bd/System/ip/System_processing_system7_0_2/System_processing_system7_0_2/System_processing_system7_0_2_in_context.xdc, line 46).
Applied set_property IO_BUFFER_TYPE = NONE for FIXED_IO_mio[30]. (constraint file  /home/adam/COMSE6424/avnet01/avnet01.srcs/sources_1/bd/System/ip/System_processing_system7_0_2/System_processing_system7_0_2/System_processing_system7_0_2_in_context.xdc, line 47).
Applied set_property CLOCK_BUFFER_TYPE = NONE for FIXED_IO_mio[30]. (constraint file  /home/adam/COMSE6424/avnet01/avnet01.srcs/sources_1/bd/System/ip/System_processing_system7_0_2/System_processing_system7_0_2/System_processing_system7_0_2_in_context.xdc, line 48).
Applied set_property IO_BUFFER_TYPE = NONE for FIXED_IO_mio[31]. (constraint file  /home/adam/COMSE6424/avnet01/avnet01.srcs/sources_1/bd/System/ip/System_processing_system7_0_2/System_processing_system7_0_2/System_processing_system7_0_2_in_context.xdc, line 49).
Applied set_property CLOCK_BUFFER_TYPE = NONE for FIXED_IO_mio[31]. (constraint file  /home/adam/COMSE6424/avnet01/avnet01.srcs/sources_1/bd/System/ip/System_processing_system7_0_2/System_processing_system7_0_2/System_processing_system7_0_2_in_context.xdc, line 50).
Applied set_property IO_BUFFER_TYPE = NONE for FIXED_IO_mio[32]. (constraint file  /home/adam/COMSE6424/avnet01/avnet01.srcs/sources_1/bd/System/ip/System_processing_system7_0_2/System_processing_system7_0_2/System_processing_system7_0_2_in_context.xdc, line 51).
Applied set_property CLOCK_BUFFER_TYPE = NONE for FIXED_IO_mio[32]. (constraint file  /home/adam/COMSE6424/avnet01/avnet01.srcs/sources_1/bd/System/ip/System_processing_system7_0_2/System_processing_system7_0_2/System_processing_system7_0_2_in_context.xdc, line 52).
Applied set_property IO_BUFFER_TYPE = NONE for FIXED_IO_mio[33]. (constraint file  /home/adam/COMSE6424/avnet01/avnet01.srcs/sources_1/bd/System/ip/System_processing_system7_0_2/System_processing_system7_0_2/System_processing_system7_0_2_in_context.xdc, line 53).
Applied set_property CLOCK_BUFFER_TYPE = NONE for FIXED_IO_mio[33]. (constraint file  /home/adam/COMSE6424/avnet01/avnet01.srcs/sources_1/bd/System/ip/System_processing_system7_0_2/System_processing_system7_0_2/System_processing_system7_0_2_in_context.xdc, line 54).
Applied set_property IO_BUFFER_TYPE = NONE for FIXED_IO_mio[34]. (constraint file  /home/adam/COMSE6424/avnet01/avnet01.srcs/sources_1/bd/System/ip/System_processing_system7_0_2/System_processing_system7_0_2/System_processing_system7_0_2_in_context.xdc, line 55).
Applied set_property CLOCK_BUFFER_TYPE = NONE for FIXED_IO_mio[34]. (constraint file  /home/adam/COMSE6424/avnet01/avnet01.srcs/sources_1/bd/System/ip/System_processing_system7_0_2/System_processing_system7_0_2/System_processing_system7_0_2_in_context.xdc, line 56).
Applied set_property IO_BUFFER_TYPE = NONE for FIXED_IO_mio[35]. (constraint file  /home/adam/COMSE6424/avnet01/avnet01.srcs/sources_1/bd/System/ip/System_processing_system7_0_2/System_processing_system7_0_2/System_processing_system7_0_2_in_context.xdc, line 57).
Applied set_property CLOCK_BUFFER_TYPE = NONE for FIXED_IO_mio[35]. (constraint file  /home/adam/COMSE6424/avnet01/avnet01.srcs/sources_1/bd/System/ip/System_processing_system7_0_2/System_processing_system7_0_2/System_processing_system7_0_2_in_context.xdc, line 58).
Applied set_property IO_BUFFER_TYPE = NONE for FIXED_IO_mio[36]. (constraint file  /home/adam/COMSE6424/avnet01/avnet01.srcs/sources_1/bd/System/ip/System_processing_system7_0_2/System_processing_system7_0_2/System_processing_system7_0_2_in_context.xdc, line 59).
Applied set_property CLOCK_BUFFER_TYPE = NONE for FIXED_IO_mio[36]. (constraint file  /home/adam/COMSE6424/avnet01/avnet01.srcs/sources_1/bd/System/ip/System_processing_system7_0_2/System_processing_system7_0_2/System_processing_system7_0_2_in_context.xdc, line 60).
Applied set_property IO_BUFFER_TYPE = NONE for FIXED_IO_mio[37]. (constraint file  /home/adam/COMSE6424/avnet01/avnet01.srcs/sources_1/bd/System/ip/System_processing_system7_0_2/System_processing_system7_0_2/System_processing_system7_0_2_in_context.xdc, line 61).
Applied set_property CLOCK_BUFFER_TYPE = NONE for FIXED_IO_mio[37]. (constraint file  /home/adam/COMSE6424/avnet01/avnet01.srcs/sources_1/bd/System/ip/System_processing_system7_0_2/System_processing_system7_0_2/System_processing_system7_0_2_in_context.xdc, line 62).
Applied set_property IO_BUFFER_TYPE = NONE for FIXED_IO_mio[38]. (constraint file  /home/adam/COMSE6424/avnet01/avnet01.srcs/sources_1/bd/System/ip/System_processing_system7_0_2/System_processing_system7_0_2/System_processing_system7_0_2_in_context.xdc, line 63).
Applied set_property CLOCK_BUFFER_TYPE = NONE for FIXED_IO_mio[38]. (constraint file  /home/adam/COMSE6424/avnet01/avnet01.srcs/sources_1/bd/System/ip/System_processing_system7_0_2/System_processing_system7_0_2/System_processing_system7_0_2_in_context.xdc, line 64).
Applied set_property IO_BUFFER_TYPE = NONE for FIXED_IO_mio[39]. (constraint file  /home/adam/COMSE6424/avnet01/avnet01.srcs/sources_1/bd/System/ip/System_processing_system7_0_2/System_processing_system7_0_2/System_processing_system7_0_2_in_context.xdc, line 65).
Applied set_property CLOCK_BUFFER_TYPE = NONE for FIXED_IO_mio[39]. (constraint file  /home/adam/COMSE6424/avnet01/avnet01.srcs/sources_1/bd/System/ip/System_processing_system7_0_2/System_processing_system7_0_2/System_processing_system7_0_2_in_context.xdc, line 66).
Applied set_property IO_BUFFER_TYPE = NONE for FIXED_IO_mio[3]. (constraint file  /home/adam/COMSE6424/avnet01/avnet01.srcs/sources_1/bd/System/ip/System_processing_system7_0_2/System_processing_system7_0_2/System_processing_system7_0_2_in_context.xdc, line 67).
Applied set_property CLOCK_BUFFER_TYPE = NONE for FIXED_IO_mio[3]. (constraint file  /home/adam/COMSE6424/avnet01/avnet01.srcs/sources_1/bd/System/ip/System_processing_system7_0_2/System_processing_system7_0_2/System_processing_system7_0_2_in_context.xdc, line 68).
Applied set_property IO_BUFFER_TYPE = NONE for FIXED_IO_mio[40]. (constraint file  /home/adam/COMSE6424/avnet01/avnet01.srcs/sources_1/bd/System/ip/System_processing_system7_0_2/System_processing_system7_0_2/System_processing_system7_0_2_in_context.xdc, line 69).
Applied set_property CLOCK_BUFFER_TYPE = NONE for FIXED_IO_mio[40]. (constraint file  /home/adam/COMSE6424/avnet01/avnet01.srcs/sources_1/bd/System/ip/System_processing_system7_0_2/System_processing_system7_0_2/System_processing_system7_0_2_in_context.xdc, line 70).
Applied set_property IO_BUFFER_TYPE = NONE for FIXED_IO_mio[41]. (constraint file  /home/adam/COMSE6424/avnet01/avnet01.srcs/sources_1/bd/System/ip/System_processing_system7_0_2/System_processing_system7_0_2/System_processing_system7_0_2_in_context.xdc, line 71).
Applied set_property CLOCK_BUFFER_TYPE = NONE for FIXED_IO_mio[41]. (constraint file  /home/adam/COMSE6424/avnet01/avnet01.srcs/sources_1/bd/System/ip/System_processing_system7_0_2/System_processing_system7_0_2/System_processing_system7_0_2_in_context.xdc, line 72).
Applied set_property IO_BUFFER_TYPE = NONE for FIXED_IO_mio[42]. (constraint file  /home/adam/COMSE6424/avnet01/avnet01.srcs/sources_1/bd/System/ip/System_processing_system7_0_2/System_processing_system7_0_2/System_processing_system7_0_2_in_context.xdc, line 73).
Applied set_property CLOCK_BUFFER_TYPE = NONE for FIXED_IO_mio[42]. (constraint file  /home/adam/COMSE6424/avnet01/avnet01.srcs/sources_1/bd/System/ip/System_processing_system7_0_2/System_processing_system7_0_2/System_processing_system7_0_2_in_context.xdc, line 74).
Applied set_property IO_BUFFER_TYPE = NONE for FIXED_IO_mio[43]. (constraint file  /home/adam/COMSE6424/avnet01/avnet01.srcs/sources_1/bd/System/ip/System_processing_system7_0_2/System_processing_system7_0_2/System_processing_system7_0_2_in_context.xdc, line 75).
Applied set_property CLOCK_BUFFER_TYPE = NONE for FIXED_IO_mio[43]. (constraint file  /home/adam/COMSE6424/avnet01/avnet01.srcs/sources_1/bd/System/ip/System_processing_system7_0_2/System_processing_system7_0_2/System_processing_system7_0_2_in_context.xdc, line 76).
Applied set_property IO_BUFFER_TYPE = NONE for FIXED_IO_mio[44]. (constraint file  /home/adam/COMSE6424/avnet01/avnet01.srcs/sources_1/bd/System/ip/System_processing_system7_0_2/System_processing_system7_0_2/System_processing_system7_0_2_in_context.xdc, line 77).
Applied set_property CLOCK_BUFFER_TYPE = NONE for FIXED_IO_mio[44]. (constraint file  /home/adam/COMSE6424/avnet01/avnet01.srcs/sources_1/bd/System/ip/System_processing_system7_0_2/System_processing_system7_0_2/System_processing_system7_0_2_in_context.xdc, line 78).
Applied set_property IO_BUFFER_TYPE = NONE for FIXED_IO_mio[45]. (constraint file  /home/adam/COMSE6424/avnet01/avnet01.srcs/sources_1/bd/System/ip/System_processing_system7_0_2/System_processing_system7_0_2/System_processing_system7_0_2_in_context.xdc, line 79).
Applied set_property CLOCK_BUFFER_TYPE = NONE for FIXED_IO_mio[45]. (constraint file  /home/adam/COMSE6424/avnet01/avnet01.srcs/sources_1/bd/System/ip/System_processing_system7_0_2/System_processing_system7_0_2/System_processing_system7_0_2_in_context.xdc, line 80).
Applied set_property IO_BUFFER_TYPE = NONE for FIXED_IO_mio[46]. (constraint file  /home/adam/COMSE6424/avnet01/avnet01.srcs/sources_1/bd/System/ip/System_processing_system7_0_2/System_processing_system7_0_2/System_processing_system7_0_2_in_context.xdc, line 81).
Applied set_property CLOCK_BUFFER_TYPE = NONE for FIXED_IO_mio[46]. (constraint file  /home/adam/COMSE6424/avnet01/avnet01.srcs/sources_1/bd/System/ip/System_processing_system7_0_2/System_processing_system7_0_2/System_processing_system7_0_2_in_context.xdc, line 82).
Applied set_property IO_BUFFER_TYPE = NONE for FIXED_IO_mio[47]. (constraint file  /home/adam/COMSE6424/avnet01/avnet01.srcs/sources_1/bd/System/ip/System_processing_system7_0_2/System_processing_system7_0_2/System_processing_system7_0_2_in_context.xdc, line 83).
Applied set_property CLOCK_BUFFER_TYPE = NONE for FIXED_IO_mio[47]. (constraint file  /home/adam/COMSE6424/avnet01/avnet01.srcs/sources_1/bd/System/ip/System_processing_system7_0_2/System_processing_system7_0_2/System_processing_system7_0_2_in_context.xdc, line 84).
Applied set_property IO_BUFFER_TYPE = NONE for FIXED_IO_mio[48]. (constraint file  /home/adam/COMSE6424/avnet01/avnet01.srcs/sources_1/bd/System/ip/System_processing_system7_0_2/System_processing_system7_0_2/System_processing_system7_0_2_in_context.xdc, line 85).
Applied set_property CLOCK_BUFFER_TYPE = NONE for FIXED_IO_mio[48]. (constraint file  /home/adam/COMSE6424/avnet01/avnet01.srcs/sources_1/bd/System/ip/System_processing_system7_0_2/System_processing_system7_0_2/System_processing_system7_0_2_in_context.xdc, line 86).
Applied set_property IO_BUFFER_TYPE = NONE for FIXED_IO_mio[49]. (constraint file  /home/adam/COMSE6424/avnet01/avnet01.srcs/sources_1/bd/System/ip/System_processing_system7_0_2/System_processing_system7_0_2/System_processing_system7_0_2_in_context.xdc, line 87).
Applied set_property CLOCK_BUFFER_TYPE = NONE for FIXED_IO_mio[49]. (constraint file  /home/adam/COMSE6424/avnet01/avnet01.srcs/sources_1/bd/System/ip/System_processing_system7_0_2/System_processing_system7_0_2/System_processing_system7_0_2_in_context.xdc, line 88).
Applied set_property IO_BUFFER_TYPE = NONE for FIXED_IO_mio[4]. (constraint file  /home/adam/COMSE6424/avnet01/avnet01.srcs/sources_1/bd/System/ip/System_processing_system7_0_2/System_processing_system7_0_2/System_processing_system7_0_2_in_context.xdc, line 89).
Applied set_property CLOCK_BUFFER_TYPE = NONE for FIXED_IO_mio[4]. (constraint file  /home/adam/COMSE6424/avnet01/avnet01.srcs/sources_1/bd/System/ip/System_processing_system7_0_2/System_processing_system7_0_2/System_processing_system7_0_2_in_context.xdc, line 90).
Applied set_property IO_BUFFER_TYPE = NONE for FIXED_IO_mio[50]. (constraint file  /home/adam/COMSE6424/avnet01/avnet01.srcs/sources_1/bd/System/ip/System_processing_system7_0_2/System_processing_system7_0_2/System_processing_system7_0_2_in_context.xdc, line 91).
Applied set_property CLOCK_BUFFER_TYPE = NONE for FIXED_IO_mio[50]. (constraint file  /home/adam/COMSE6424/avnet01/avnet01.srcs/sources_1/bd/System/ip/System_processing_system7_0_2/System_processing_system7_0_2/System_processing_system7_0_2_in_context.xdc, line 92).
Applied set_property IO_BUFFER_TYPE = NONE for FIXED_IO_mio[51]. (constraint file  /home/adam/COMSE6424/avnet01/avnet01.srcs/sources_1/bd/System/ip/System_processing_system7_0_2/System_processing_system7_0_2/System_processing_system7_0_2_in_context.xdc, line 93).
Applied set_property CLOCK_BUFFER_TYPE = NONE for FIXED_IO_mio[51]. (constraint file  /home/adam/COMSE6424/avnet01/avnet01.srcs/sources_1/bd/System/ip/System_processing_system7_0_2/System_processing_system7_0_2/System_processing_system7_0_2_in_context.xdc, line 94).
Applied set_property IO_BUFFER_TYPE = NONE for FIXED_IO_mio[52]. (constraint file  /home/adam/COMSE6424/avnet01/avnet01.srcs/sources_1/bd/System/ip/System_processing_system7_0_2/System_processing_system7_0_2/System_processing_system7_0_2_in_context.xdc, line 95).
Applied set_property CLOCK_BUFFER_TYPE = NONE for FIXED_IO_mio[52]. (constraint file  /home/adam/COMSE6424/avnet01/avnet01.srcs/sources_1/bd/System/ip/System_processing_system7_0_2/System_processing_system7_0_2/System_processing_system7_0_2_in_context.xdc, line 96).
Applied set_property IO_BUFFER_TYPE = NONE for FIXED_IO_mio[53]. (constraint file  /home/adam/COMSE6424/avnet01/avnet01.srcs/sources_1/bd/System/ip/System_processing_system7_0_2/System_processing_system7_0_2/System_processing_system7_0_2_in_context.xdc, line 97).
Applied set_property CLOCK_BUFFER_TYPE = NONE for FIXED_IO_mio[53]. (constraint file  /home/adam/COMSE6424/avnet01/avnet01.srcs/sources_1/bd/System/ip/System_processing_system7_0_2/System_processing_system7_0_2/System_processing_system7_0_2_in_context.xdc, line 98).
Applied set_property IO_BUFFER_TYPE = NONE for FIXED_IO_mio[5]. (constraint file  /home/adam/COMSE6424/avnet01/avnet01.srcs/sources_1/bd/System/ip/System_processing_system7_0_2/System_processing_system7_0_2/System_processing_system7_0_2_in_context.xdc, line 99).
Applied set_property CLOCK_BUFFER_TYPE = NONE for FIXED_IO_mio[5]. (constraint file  /home/adam/COMSE6424/avnet01/avnet01.srcs/sources_1/bd/System/ip/System_processing_system7_0_2/System_processing_system7_0_2/System_processing_system7_0_2_in_context.xdc, line 100).
Applied set_property IO_BUFFER_TYPE = NONE for FIXED_IO_mio[6]. (constraint file  /home/adam/COMSE6424/avnet01/avnet01.srcs/sources_1/bd/System/ip/System_processing_system7_0_2/System_processing_system7_0_2/System_processing_system7_0_2_in_context.xdc, line 101).
Applied set_property CLOCK_BUFFER_TYPE = NONE for FIXED_IO_mio[6]. (constraint file  /home/adam/COMSE6424/avnet01/avnet01.srcs/sources_1/bd/System/ip/System_processing_system7_0_2/System_processing_system7_0_2/System_processing_system7_0_2_in_context.xdc, line 102).
Applied set_property IO_BUFFER_TYPE = NONE for FIXED_IO_mio[7]. (constraint file  /home/adam/COMSE6424/avnet01/avnet01.srcs/sources_1/bd/System/ip/System_processing_system7_0_2/System_processing_system7_0_2/System_processing_system7_0_2_in_context.xdc, line 103).
Applied set_property CLOCK_BUFFER_TYPE = NONE for FIXED_IO_mio[7]. (constraint file  /home/adam/COMSE6424/avnet01/avnet01.srcs/sources_1/bd/System/ip/System_processing_system7_0_2/System_processing_system7_0_2/System_processing_system7_0_2_in_context.xdc, line 104).
Applied set_property IO_BUFFER_TYPE = NONE for FIXED_IO_mio[8]. (constraint file  /home/adam/COMSE6424/avnet01/avnet01.srcs/sources_1/bd/System/ip/System_processing_system7_0_2/System_processing_system7_0_2/System_processing_system7_0_2_in_context.xdc, line 105).
Applied set_property CLOCK_BUFFER_TYPE = NONE for FIXED_IO_mio[8]. (constraint file  /home/adam/COMSE6424/avnet01/avnet01.srcs/sources_1/bd/System/ip/System_processing_system7_0_2/System_processing_system7_0_2/System_processing_system7_0_2_in_context.xdc, line 106).
Applied set_property IO_BUFFER_TYPE = NONE for FIXED_IO_mio[9]. (constraint file  /home/adam/COMSE6424/avnet01/avnet01.srcs/sources_1/bd/System/ip/System_processing_system7_0_2/System_processing_system7_0_2/System_processing_system7_0_2_in_context.xdc, line 107).
Applied set_property CLOCK_BUFFER_TYPE = NONE for FIXED_IO_mio[9]. (constraint file  /home/adam/COMSE6424/avnet01/avnet01.srcs/sources_1/bd/System/ip/System_processing_system7_0_2/System_processing_system7_0_2/System_processing_system7_0_2_in_context.xdc, line 108).
Applied set_property IO_BUFFER_TYPE = NONE for FIXED_IO_ps_clk. (constraint file  /home/adam/COMSE6424/avnet01/avnet01.srcs/sources_1/bd/System/ip/System_processing_system7_0_2/System_processing_system7_0_2/System_processing_system7_0_2_in_context.xdc, line 109).
Applied set_property CLOCK_BUFFER_TYPE = NONE for FIXED_IO_ps_clk. (constraint file  /home/adam/COMSE6424/avnet01/avnet01.srcs/sources_1/bd/System/ip/System_processing_system7_0_2/System_processing_system7_0_2/System_processing_system7_0_2_in_context.xdc, line 110).
Applied set_property IO_BUFFER_TYPE = NONE for FIXED_IO_ps_porb. (constraint file  /home/adam/COMSE6424/avnet01/avnet01.srcs/sources_1/bd/System/ip/System_processing_system7_0_2/System_processing_system7_0_2/System_processing_system7_0_2_in_context.xdc, line 111).
Applied set_property CLOCK_BUFFER_TYPE = NONE for FIXED_IO_ps_porb. (constraint file  /home/adam/COMSE6424/avnet01/avnet01.srcs/sources_1/bd/System/ip/System_processing_system7_0_2/System_processing_system7_0_2/System_processing_system7_0_2_in_context.xdc, line 112).
Applied set_property IO_BUFFER_TYPE = NONE for FIXED_IO_ps_srstb. (constraint file  /home/adam/COMSE6424/avnet01/avnet01.srcs/sources_1/bd/System/ip/System_processing_system7_0_2/System_processing_system7_0_2/System_processing_system7_0_2_in_context.xdc, line 113).
Applied set_property CLOCK_BUFFER_TYPE = NONE for FIXED_IO_ps_srstb. (constraint file  /home/adam/COMSE6424/avnet01/avnet01.srcs/sources_1/bd/System/ip/System_processing_system7_0_2/System_processing_system7_0_2/System_processing_system7_0_2_in_context.xdc, line 114).
Applied set_property DONT_TOUCH = true for System_i. (constraint file  auto generated constraint, line ).
Applied set_property DONT_TOUCH = true for System_i/processing_system7_0. (constraint file  auto generated constraint, line ).
---------------------------------------------------------------------------------
Finished applying 'set_property' XDC Constraints : Time (s): cpu = 00:00:09 ; elapsed = 00:00:20 . Memory (MB): peak = 1676.465 ; gain = 415.707 ; free physical = 851 ; free virtual = 6547
---------------------------------------------------------------------------------
---------------------------------------------------------------------------------
Finished RTL Optimization Phase 2 : Time (s): cpu = 00:00:09 ; elapsed = 00:00:20 . Memory (MB): peak = 1676.465 ; gain = 415.707 ; free physical = 850 ; free virtual = 6547
---------------------------------------------------------------------------------

Report RTL Partitions: 
+-+--------------+------------+----------+
| |RTL Partition |Replication |Instances |
+-+--------------+------------+----------+
+-+--------------+------------+----------+
---------------------------------------------------------------------------------
Start RTL Component Statistics 
---------------------------------------------------------------------------------
Detailed RTL Component Info : 
---------------------------------------------------------------------------------
Finished RTL Component Statistics 
---------------------------------------------------------------------------------
---------------------------------------------------------------------------------
Start RTL Hierarchical Component Statistics 
---------------------------------------------------------------------------------
Hierarchical RTL Component report 
---------------------------------------------------------------------------------
Finished RTL Hierarchical Component Statistics
---------------------------------------------------------------------------------
---------------------------------------------------------------------------------
Start Part Resource Summary
---------------------------------------------------------------------------------
Part Resources:
DSPs: 220 (col length:60)
BRAMs: 280 (col length: RAMB18 60 RAMB36 30)
---------------------------------------------------------------------------------
Finished Part Resource Summary
---------------------------------------------------------------------------------
---------------------------------------------------------------------------------
Start Cross Boundary and Area Optimization
---------------------------------------------------------------------------------
Warning: Parallel synthesis criteria is not met 
---------------------------------------------------------------------------------
Finished Cross Boundary and Area Optimization : Time (s): cpu = 00:00:09 ; elapsed = 00:00:20 . Memory (MB): peak = 1676.465 ; gain = 415.707 ; free physical = 849 ; free virtual = 6547
---------------------------------------------------------------------------------

Report RTL Partitions: 
+-+--------------+------------+----------+
| |RTL Partition |Replication |Instances |
+-+--------------+------------+----------+
+-+--------------+------------+----------+
---------------------------------------------------------------------------------
Start Applying XDC Timing Constraints
---------------------------------------------------------------------------------
---------------------------------------------------------------------------------
Finished Applying XDC Timing Constraints : Time (s): cpu = 00:00:13 ; elapsed = 00:00:27 . Memory (MB): peak = 1692.449 ; gain = 431.691 ; free physical = 716 ; free virtual = 6420
---------------------------------------------------------------------------------
---------------------------------------------------------------------------------
Start Timing Optimization
---------------------------------------------------------------------------------
---------------------------------------------------------------------------------
Finished Timing Optimization : Time (s): cpu = 00:00:13 ; elapsed = 00:00:27 . Memory (MB): peak = 1692.449 ; gain = 431.691 ; free physical = 716 ; free virtual = 6420
---------------------------------------------------------------------------------

Report RTL Partitions: 
+-+--------------+------------+----------+
| |RTL Partition |Replication |Instances |
+-+--------------+------------+----------+
+-+--------------+------------+----------+
---------------------------------------------------------------------------------
Start Technology Mapping
---------------------------------------------------------------------------------
---------------------------------------------------------------------------------
Finished Technology Mapping : Time (s): cpu = 00:00:13 ; elapsed = 00:00:27 . Memory (MB): peak = 1692.449 ; gain = 431.691 ; free physical = 716 ; free virtual = 6420
---------------------------------------------------------------------------------

Report RTL Partitions: 
+-+--------------+------------+----------+
| |RTL Partition |Replication |Instances |
+-+--------------+------------+----------+
+-+--------------+------------+----------+
---------------------------------------------------------------------------------
Start IO Insertion
---------------------------------------------------------------------------------
---------------------------------------------------------------------------------
Start Flattening Before IO Insertion
---------------------------------------------------------------------------------
---------------------------------------------------------------------------------
Finished Flattening Before IO Insertion
---------------------------------------------------------------------------------
---------------------------------------------------------------------------------
Start Final Netlist Cleanup
---------------------------------------------------------------------------------
---------------------------------------------------------------------------------
Finished Final Netlist Cleanup
---------------------------------------------------------------------------------
---------------------------------------------------------------------------------
Finished IO Insertion : Time (s): cpu = 00:00:14 ; elapsed = 00:00:27 . Memory (MB): peak = 1692.449 ; gain = 431.691 ; free physical = 716 ; free virtual = 6420
---------------------------------------------------------------------------------

Report Check Netlist: 
+------+------------------+-------+---------+-------+------------------+
|      |Item              |Errors |Warnings |Status |Description       |
+------+------------------+-------+---------+-------+------------------+
|1     |multi_driven_nets |      0|        0|Passed |Multi driven nets |
+------+------------------+-------+---------+-------+------------------+
---------------------------------------------------------------------------------
Start Renaming Generated Instances
---------------------------------------------------------------------------------
---------------------------------------------------------------------------------
Finished Renaming Generated Instances : Time (s): cpu = 00:00:14 ; elapsed = 00:00:27 . Memory (MB): peak = 1692.449 ; gain = 431.691 ; free physical = 716 ; free virtual = 6420
---------------------------------------------------------------------------------

Report RTL Partitions: 
+-+--------------+------------+----------+
| |RTL Partition |Replication |Instances |
+-+--------------+------------+----------+
+-+--------------+------------+----------+
---------------------------------------------------------------------------------
Start Rebuilding User Hierarchy
---------------------------------------------------------------------------------
---------------------------------------------------------------------------------
Finished Rebuilding User Hierarchy : Time (s): cpu = 00:00:14 ; elapsed = 00:00:27 . Memory (MB): peak = 1692.449 ; gain = 431.691 ; free physical = 716 ; free virtual = 6420
---------------------------------------------------------------------------------
---------------------------------------------------------------------------------
Start Renaming Generated Ports
---------------------------------------------------------------------------------
---------------------------------------------------------------------------------
Finished Renaming Generated Ports : Time (s): cpu = 00:00:14 ; elapsed = 00:00:27 . Memory (MB): peak = 1692.449 ; gain = 431.691 ; free physical = 716 ; free virtual = 6420
---------------------------------------------------------------------------------
---------------------------------------------------------------------------------
Start Handling Custom Attributes
---------------------------------------------------------------------------------
---------------------------------------------------------------------------------
Finished Handling Custom Attributes : Time (s): cpu = 00:00:14 ; elapsed = 00:00:27 . Memory (MB): peak = 1692.449 ; gain = 431.691 ; free physical = 716 ; free virtual = 6420
---------------------------------------------------------------------------------
---------------------------------------------------------------------------------
Start Renaming Generated Nets
---------------------------------------------------------------------------------
---------------------------------------------------------------------------------
Finished Renaming Generated Nets : Time (s): cpu = 00:00:14 ; elapsed = 00:00:27 . Memory (MB): peak = 1692.449 ; gain = 431.691 ; free physical = 716 ; free virtual = 6420
---------------------------------------------------------------------------------
---------------------------------------------------------------------------------
Start Writing Synthesis Report
---------------------------------------------------------------------------------

Report BlackBoxes: 
+------+------------------------------+----------+
|      |BlackBox name                 |Instances |
+------+------------------------------+----------+
|1     |System_processing_system7_0_2 |         1|
+------+------------------------------+----------+

Report Cell Usage: 
+------+-------------------------------------+------+
|      |Cell                                 |Count |
+------+-------------------------------------+------+
|1     |System_processing_system7_0_2_bbox_0 |     1|
+------+-------------------------------------+------+

Report Instance Areas: 
+------+-----------+-------+------+
|      |Instance   |Module |Cells |
+------+-----------+-------+------+
|1     |top        |       |     0|
|2     |  System_i |System |     0|
+------+-----------+-------+------+
---------------------------------------------------------------------------------
Finished Writing Synthesis Report : Time (s): cpu = 00:00:14 ; elapsed = 00:00:27 . Memory (MB): peak = 1692.449 ; gain = 431.691 ; free physical = 716 ; free virtual = 6420
---------------------------------------------------------------------------------
Synthesis finished with 0 errors, 0 critical warnings and 0 warnings.
Synthesis Optimization Runtime : Time (s): cpu = 00:00:08 ; elapsed = 00:00:11 . Memory (MB): peak = 1692.449 ; gain = 143.457 ; free physical = 773 ; free virtual = 6477
Synthesis Optimization Complete : Time (s): cpu = 00:00:14 ; elapsed = 00:00:27 . Memory (MB): peak = 1692.457 ; gain = 431.691 ; free physical = 773 ; free virtual = 6477
INFO: [Project 1-571] Translating synthesized netlist
INFO: [Project 1-570] Preparing netlist for logic optimization
INFO: [Opt 31-138] Pushed 0 inverter(s) to 0 load pin(s).
INFO: [Project 1-111] Unisim Transformation Summary:
No Unisim elements were transformed.

INFO: [Common 17-83] Releasing license: Synthesis
19 Infos, 0 Warnings, 0 Critical Warnings and 0 Errors encountered.
synth_design completed successfully
synth_design: Time (s): cpu = 00:00:15 ; elapsed = 00:00:28 . Memory (MB): peak = 1708.449 ; gain = 459.297 ; free physical = 759 ; free virtual = 6463
WARNING: [Constraints 18-5210] No constraint will be written out.
INFO: [Common 17-1381] The checkpoint '/home/adam/COMSE6424/avnet01/avnet01.runs/synth_1/System_wrapper.dcp' has been generated.
INFO: [runtcl-4] Executing : report_utilization -file System_wrapper_utilization_synth.rpt -pb System_wrapper_utilization_synth.pb
report_utilization: Time (s): cpu = 00:00:00.07 ; elapsed = 00:00:00.09 . Memory (MB): peak = 1708.449 ; gain = 0.000 ; free physical = 761 ; free virtual = 6464
INFO: [Common 17-206] Exiting Vivado at Wed Oct 31 10:44:58 2018...
