
*** Running vivado
    with args -log System_wrapper.vdi -applog -m64 -product Vivado -messageDb vivado.pb -mode batch -source System_wrapper.tcl -notrace


****** Vivado v2018.2 (64-bit)
  **** SW Build 2258646 on Thu Jun 14 20:02:38 MDT 2018
  **** IP Build 2256618 on Thu Jun 14 22:10:49 MDT 2018
    ** Copyright 1986-2018 Xilinx, Inc. All Rights Reserved.

source System_wrapper.tcl -notrace
INFO: [IP_Flow 19-234] Refreshing IP repositories
INFO: [IP_Flow 19-1704] No user IP repositories specified
INFO: [IP_Flow 19-2313] Loaded Vivado IP repository '/opt/Xilinx/Vivado/2018.2/data/ip'.
Command: link_design -top System_wrapper -part xc7z020clg484-1
Design is defaulting to srcset: sources_1
Design is defaulting to constrset: constrs_1
INFO: [Project 1-454] Reading design checkpoint '/home/adam/COMSE6424/avnet01/avnet01.srcs/sources_1/bd/System/ip/System_processing_system7_0_2/System_processing_system7_0_2.dcp' for cell 'System_i/processing_system7_0'
INFO: [Project 1-479] Netlist was created with Vivado 2018.2
INFO: [Device 21-403] Loading part xc7z020clg484-1
INFO: [Project 1-570] Preparing netlist for logic optimization
Parsing XDC File [/home/adam/COMSE6424/avnet01/avnet01.srcs/sources_1/bd/System/ip/System_processing_system7_0_2/System_processing_system7_0_2.xdc] for cell 'System_i/processing_system7_0/inst'
Finished Parsing XDC File [/home/adam/COMSE6424/avnet01/avnet01.srcs/sources_1/bd/System/ip/System_processing_system7_0_2/System_processing_system7_0_2.xdc] for cell 'System_i/processing_system7_0/inst'
INFO: [Opt 31-138] Pushed 0 inverter(s) to 0 load pin(s).
INFO: [Project 1-111] Unisim Transformation Summary:
No Unisim elements were transformed.

9 Infos, 0 Warnings, 0 Critical Warnings and 0 Errors encountered.
link_design completed successfully
link_design: Time (s): cpu = 00:00:07 ; elapsed = 00:00:18 . Memory (MB): peak = 1615.738 ; gain = 364.227 ; free physical = 791 ; free virtual = 6518
Command: opt_design
Attempting to get a license for feature 'Implementation' and/or device 'xc7z020'
INFO: [Common 17-349] Got license for feature 'Implementation' and/or device 'xc7z020'
Running DRC as a precondition to command opt_design

Starting DRC Task
INFO: [DRC 23-27] Running DRC with 8 threads
INFO: [Project 1-461] DRC finished with 0 Errors
INFO: [Project 1-462] Please refer to the DRC report (report_drc) for more information.

Time (s): cpu = 00:00:00.75 ; elapsed = 00:00:00.90 . Memory (MB): peak = 1633.738 ; gain = 18.000 ; free physical = 780 ; free virtual = 6512

Starting Cache Timing Information Task
INFO: [Timing 38-35] Done setting XDC timing constraints.
Ending Cache Timing Information Task | Checksum: 154eb2e44

Time (s): cpu = 00:00:07 ; elapsed = 00:00:15 . Memory (MB): peak = 2010.301 ; gain = 376.562 ; free physical = 449 ; free virtual = 6178

Starting Logic Optimization Task

Phase 1 Retarget
INFO: [Opt 31-138] Pushed 0 inverter(s) to 0 load pin(s).
INFO: [Opt 31-49] Retargeted 0 cell(s).
Phase 1 Retarget | Checksum: 197b2e78d

Time (s): cpu = 00:00:00.02 ; elapsed = 00:00:00.02 . Memory (MB): peak = 2010.301 ; gain = 0.000 ; free physical = 449 ; free virtual = 6178
INFO: [Opt 31-389] Phase Retarget created 0 cells and removed 0 cells

Phase 2 Constant propagation
INFO: [Opt 31-138] Pushed 0 inverter(s) to 0 load pin(s).
Phase 2 Constant propagation | Checksum: 197b2e78d

Time (s): cpu = 00:00:00.03 ; elapsed = 00:00:00.02 . Memory (MB): peak = 2010.301 ; gain = 0.000 ; free physical = 449 ; free virtual = 6178
INFO: [Opt 31-389] Phase Constant propagation created 0 cells and removed 0 cells

Phase 3 Sweep
Phase 3 Sweep | Checksum: 14da83459

Time (s): cpu = 00:00:00.11 ; elapsed = 00:00:00.10 . Memory (MB): peak = 2010.301 ; gain = 0.000 ; free physical = 449 ; free virtual = 6178
INFO: [Opt 31-389] Phase Sweep created 0 cells and removed 88 cells

Phase 4 BUFG optimization
Phase 4 BUFG optimization | Checksum: 14da83459

Time (s): cpu = 00:00:00.12 ; elapsed = 00:00:00.12 . Memory (MB): peak = 2010.301 ; gain = 0.000 ; free physical = 449 ; free virtual = 6178
INFO: [Opt 31-662] Phase BUFG optimization created 0 cells of which 0 are BUFGs and removed 0 cells.

Phase 5 Shift Register Optimization
Phase 5 Shift Register Optimization | Checksum: 13ea5d826

Time (s): cpu = 00:00:00.14 ; elapsed = 00:00:00.14 . Memory (MB): peak = 2010.301 ; gain = 0.000 ; free physical = 449 ; free virtual = 6178
INFO: [Opt 31-389] Phase Shift Register Optimization created 0 cells and removed 0 cells

Phase 6 Post Processing Netlist
Phase 6 Post Processing Netlist | Checksum: 13ea5d826

Time (s): cpu = 00:00:00.14 ; elapsed = 00:00:00.14 . Memory (MB): peak = 2010.301 ; gain = 0.000 ; free physical = 449 ; free virtual = 6178
INFO: [Opt 31-389] Phase Post Processing Netlist created 0 cells and removed 0 cells

Starting Connectivity Check Task

Time (s): cpu = 00:00:00 ; elapsed = 00:00:00 . Memory (MB): peak = 2010.301 ; gain = 0.000 ; free physical = 449 ; free virtual = 6178
Ending Logic Optimization Task | Checksum: 13ea5d826

Time (s): cpu = 00:00:00.15 ; elapsed = 00:00:00.14 . Memory (MB): peak = 2010.301 ; gain = 0.000 ; free physical = 449 ; free virtual = 6178

Starting Power Optimization Task
INFO: [Pwropt 34-132] Skipping clock gating for clocks with a period < 2.00 ns.
Ending Power Optimization Task | Checksum: 13ea5d826

Time (s): cpu = 00:00:00.01 ; elapsed = 00:00:00.02 . Memory (MB): peak = 2010.301 ; gain = 0.000 ; free physical = 449 ; free virtual = 6178

Starting Final Cleanup Task
Ending Final Cleanup Task | Checksum: 13ea5d826

Time (s): cpu = 00:00:00 ; elapsed = 00:00:00 . Memory (MB): peak = 2010.301 ; gain = 0.000 ; free physical = 449 ; free virtual = 6178
INFO: [Common 17-83] Releasing license: Implementation
25 Infos, 0 Warnings, 0 Critical Warnings and 0 Errors encountered.
opt_design completed successfully
opt_design: Time (s): cpu = 00:00:08 ; elapsed = 00:00:16 . Memory (MB): peak = 2010.301 ; gain = 394.562 ; free physical = 449 ; free virtual = 6178
INFO: [Timing 38-480] Writing timing data to binary archive.
Writing placer database...
Writing XDEF routing.
Writing XDEF routing logical nets.
Writing XDEF routing special nets.
Write XDEF Complete: Time (s): cpu = 00:00:00.06 ; elapsed = 00:00:00.02 . Memory (MB): peak = 2042.316 ; gain = 0.000 ; free physical = 440 ; free virtual = 6171
INFO: [Common 17-1381] The checkpoint '/home/adam/COMSE6424/avnet01/avnet01.runs/impl_1/System_wrapper_opt.dcp' has been generated.
INFO: [runtcl-4] Executing : report_drc -file System_wrapper_drc_opted.rpt -pb System_wrapper_drc_opted.pb -rpx System_wrapper_drc_opted.rpx
Command: report_drc -file System_wrapper_drc_opted.rpt -pb System_wrapper_drc_opted.pb -rpx System_wrapper_drc_opted.rpx
INFO: [DRC 23-27] Running DRC with 8 threads
INFO: [Coretcl 2-168] The results of DRC are in file /home/adam/COMSE6424/avnet01/avnet01.runs/impl_1/System_wrapper_drc_opted.rpt.
report_drc completed successfully
Command: place_design
Attempting to get a license for feature 'Implementation' and/or device 'xc7z020'
INFO: [Common 17-349] Got license for feature 'Implementation' and/or device 'xc7z020'
INFO: [DRC 23-27] Running DRC with 8 threads
INFO: [Vivado_Tcl 4-198] DRC finished with 0 Errors
INFO: [Vivado_Tcl 4-199] Please refer to the DRC report (report_drc) for more information.
Running DRC as a precondition to command place_design
INFO: [DRC 23-27] Running DRC with 8 threads
INFO: [Vivado_Tcl 4-198] DRC finished with 0 Errors
INFO: [Vivado_Tcl 4-199] Please refer to the DRC report (report_drc) for more information.

Starting Placer Task
INFO: [Place 30-611] Multithreading enabled for place_design using a maximum of 8 CPUs

Phase 1 Placer Initialization

Phase 1.1 Placer Initialization Netlist Sorting
Netlist sorting complete. Time (s): cpu = 00:00:00 ; elapsed = 00:00:00 . Memory (MB): peak = 2130.359 ; gain = 0.000 ; free physical = 436 ; free virtual = 6166
Phase 1.1 Placer Initialization Netlist Sorting | Checksum: d4058608

Time (s): cpu = 00:00:00.01 ; elapsed = 00:00:00.03 . Memory (MB): peak = 2130.359 ; gain = 0.000 ; free physical = 436 ; free virtual = 6166
Netlist sorting complete. Time (s): cpu = 00:00:00 ; elapsed = 00:00:00 . Memory (MB): peak = 2130.359 ; gain = 0.000 ; free physical = 436 ; free virtual = 6166

Phase 1.2 IO Placement/ Clock Placement/ Build Placer Device
INFO: [Timing 38-35] Done setting XDC timing constraints.
Phase 1.2 IO Placement/ Clock Placement/ Build Placer Device | Checksum: d4058608

Time (s): cpu = 00:00:00.76 ; elapsed = 00:00:00.75 . Memory (MB): peak = 2130.359 ; gain = 0.000 ; free physical = 427 ; free virtual = 6163

Phase 1.3 Build Placer Netlist Model
Phase 1.3 Build Placer Netlist Model | Checksum: 11205cdfc

Time (s): cpu = 00:00:00.81 ; elapsed = 00:00:00.77 . Memory (MB): peak = 2130.359 ; gain = 0.000 ; free physical = 424 ; free virtual = 6160

Phase 1.4 Constrain Clocks/Macros
Phase 1.4 Constrain Clocks/Macros | Checksum: 11205cdfc

Time (s): cpu = 00:00:00.82 ; elapsed = 00:00:00.78 . Memory (MB): peak = 2130.359 ; gain = 0.000 ; free physical = 424 ; free virtual = 6160
Phase 1 Placer Initialization | Checksum: 11205cdfc

Time (s): cpu = 00:00:00.82 ; elapsed = 00:00:00.78 . Memory (MB): peak = 2130.359 ; gain = 0.000 ; free physical = 424 ; free virtual = 6160

Phase 2 Final Placement Cleanup
Phase 2 Final Placement Cleanup | Checksum: 11205cdfc

Time (s): cpu = 00:00:00.83 ; elapsed = 00:00:00.78 . Memory (MB): peak = 2130.359 ; gain = 0.000 ; free physical = 424 ; free virtual = 6160
INFO: [Place 30-281] No place-able instance is found; design doesn't contain any instance or all instances are placed
Ending Placer Task | Checksum: d4058608

Time (s): cpu = 00:00:00.83 ; elapsed = 00:00:00.78 . Memory (MB): peak = 2130.359 ; gain = 0.000 ; free physical = 427 ; free virtual = 6163
INFO: [Common 17-83] Releasing license: Implementation
41 Infos, 0 Warnings, 0 Critical Warnings and 0 Errors encountered.
place_design completed successfully
INFO: [Timing 38-480] Writing timing data to binary archive.
Writing placer database...
Writing XDEF routing.
Writing XDEF routing logical nets.
Writing XDEF routing special nets.
Write XDEF Complete: Time (s): cpu = 00:00:00.07 ; elapsed = 00:00:00.02 . Memory (MB): peak = 2130.359 ; gain = 0.000 ; free physical = 426 ; free virtual = 6164
INFO: [Common 17-1381] The checkpoint '/home/adam/COMSE6424/avnet01/avnet01.runs/impl_1/System_wrapper_placed.dcp' has been generated.
INFO: [runtcl-4] Executing : report_io -file System_wrapper_io_placed.rpt
report_io: Time (s): cpu = 00:00:00.08 ; elapsed = 00:00:00.13 . Memory (MB): peak = 2130.359 ; gain = 0.000 ; free physical = 413 ; free virtual = 6152
INFO: [runtcl-4] Executing : report_utilization -file System_wrapper_utilization_placed.rpt -pb System_wrapper_utilization_placed.pb
report_utilization: Time (s): cpu = 00:00:00.08 ; elapsed = 00:00:00.10 . Memory (MB): peak = 2130.359 ; gain = 0.000 ; free physical = 423 ; free virtual = 6162
INFO: [runtcl-4] Executing : report_control_sets -verbose -file System_wrapper_control_sets_placed.rpt
report_control_sets: Time (s): cpu = 00:00:00.05 ; elapsed = 00:00:00.08 . Memory (MB): peak = 2130.359 ; gain = 0.000 ; free physical = 421 ; free virtual = 6162
Command: route_design
Attempting to get a license for feature 'Implementation' and/or device 'xc7z020'
INFO: [Common 17-349] Got license for feature 'Implementation' and/or device 'xc7z020'
Running DRC as a precondition to command route_design
INFO: [DRC 23-27] Running DRC with 8 threads
INFO: [Vivado_Tcl 4-198] DRC finished with 0 Errors
INFO: [Vivado_Tcl 4-199] Please refer to the DRC report (report_drc) for more information.


Starting Routing Task
INFO: [Route 35-254] Multithreading enabled for route_design using a maximum of 8 CPUs
Checksum: PlaceDB: 98566580 ConstDB: 0 ShapeSum: 3baf2088 RouteDB: 0

Phase 1 Build RT Design
Phase 1 Build RT Design | Checksum: 11a0bcd3c

Time (s): cpu = 00:00:14 ; elapsed = 00:00:11 . Memory (MB): peak = 2276.480 ; gain = 146.121 ; free physical = 284 ; free virtual = 6018
Post Restoration Checksum: NetGraph: af787cf2 NumContArr: 6a93504a Constraints: 0 Timing: 0

Phase 2 Router Initialization
INFO: [Route 35-64] No timing constraints were detected. The router will operate in resource-optimization mode.

Phase 2.1 Fix Topology Constraints
Phase 2.1 Fix Topology Constraints | Checksum: 11a0bcd3c

Time (s): cpu = 00:00:14 ; elapsed = 00:00:11 . Memory (MB): peak = 2283.469 ; gain = 153.109 ; free physical = 252 ; free virtual = 5986

Phase 2.2 Pre Route Cleanup
Phase 2.2 Pre Route Cleanup | Checksum: 11a0bcd3c

Time (s): cpu = 00:00:14 ; elapsed = 00:00:11 . Memory (MB): peak = 2283.469 ; gain = 153.109 ; free physical = 252 ; free virtual = 5986
 Number of Nodes with overlaps = 0
Phase 2 Router Initialization | Checksum: cbf8d822

Time (s): cpu = 00:00:14 ; elapsed = 00:00:11 . Memory (MB): peak = 2290.523 ; gain = 160.164 ; free physical = 248 ; free virtual = 5982

Phase 3 Initial Routing
 Number of Nodes with overlaps = 0
Phase 3 Initial Routing | Checksum: 3de5fc8d

Time (s): cpu = 00:00:14 ; elapsed = 00:00:11 . Memory (MB): peak = 2291.523 ; gain = 161.164 ; free physical = 246 ; free virtual = 5979

Phase 4 Rip-up And Reroute

Phase 4.1 Global Iteration 0
Phase 4.1 Global Iteration 0 | Checksum: 3de5fc8d

Time (s): cpu = 00:00:14 ; elapsed = 00:00:11 . Memory (MB): peak = 2291.523 ; gain = 161.164 ; free physical = 246 ; free virtual = 5979
Phase 4 Rip-up And Reroute | Checksum: 3de5fc8d

Time (s): cpu = 00:00:14 ; elapsed = 00:00:11 . Memory (MB): peak = 2291.523 ; gain = 161.164 ; free physical = 246 ; free virtual = 5979

Phase 5 Delay and Skew Optimization
Phase 5 Delay and Skew Optimization | Checksum: 3de5fc8d

Time (s): cpu = 00:00:14 ; elapsed = 00:00:11 . Memory (MB): peak = 2291.523 ; gain = 161.164 ; free physical = 246 ; free virtual = 5979

Phase 6 Post Hold Fix

Phase 6.1 Hold Fix Iter
Phase 6.1 Hold Fix Iter | Checksum: 3de5fc8d

Time (s): cpu = 00:00:14 ; elapsed = 00:00:11 . Memory (MB): peak = 2291.523 ; gain = 161.164 ; free physical = 246 ; free virtual = 5979
Phase 6 Post Hold Fix | Checksum: 3de5fc8d

Time (s): cpu = 00:00:14 ; elapsed = 00:00:11 . Memory (MB): peak = 2291.523 ; gain = 161.164 ; free physical = 246 ; free virtual = 5979

Phase 7 Route finalize

Router Utilization Summary
  Global Vertical Routing Utilization    = 0 %
  Global Horizontal Routing Utilization  = 0 %
  Routable Net Status*
  *Does not include unroutable nets such as driverless and loadless.
  Run report_route_status for detailed report.
  Number of Failed Nets               = 0
  Number of Unrouted Nets             = 0
  Number of Partially Routed Nets     = 0
  Number of Node Overlaps             = 0

Congestion Report
North Dir 1x1 Area, Max Cong = 0%, No Congested Regions.
South Dir 1x1 Area, Max Cong = 0%, No Congested Regions.
East Dir 1x1 Area, Max Cong = 0%, No Congested Regions.
West Dir 1x1 Area, Max Cong = 0%, No Congested Regions.

------------------------------
Reporting congestion hotspots
------------------------------
Direction: North
----------------
Congested clusters found at Level 0
Effective congestion level: 0 Aspect Ratio: 1 Sparse Ratio: 0
Direction: South
----------------
Congested clusters found at Level 0
Effective congestion level: 0 Aspect Ratio: 1 Sparse Ratio: 0
Direction: East
----------------
Congested clusters found at Level 0
Effective congestion level: 0 Aspect Ratio: 1 Sparse Ratio: 0
Direction: West
----------------
Congested clusters found at Level 0
Effective congestion level: 0 Aspect Ratio: 1 Sparse Ratio: 0

Phase 7 Route finalize | Checksum: 3de5fc8d

Time (s): cpu = 00:00:14 ; elapsed = 00:00:12 . Memory (MB): peak = 2291.523 ; gain = 161.164 ; free physical = 246 ; free virtual = 5979

Phase 8 Verifying routed nets

 Verification completed successfully
Phase 8 Verifying routed nets | Checksum: 3de5fc8d

Time (s): cpu = 00:00:14 ; elapsed = 00:00:12 . Memory (MB): peak = 2294.523 ; gain = 164.164 ; free physical = 245 ; free virtual = 5979

Phase 9 Depositing Routes
Phase 9 Depositing Routes | Checksum: 3de5fc8d

Time (s): cpu = 00:00:14 ; elapsed = 00:00:12 . Memory (MB): peak = 2294.523 ; gain = 164.164 ; free physical = 245 ; free virtual = 5979
INFO: [Route 35-16] Router Completed Successfully

Time (s): cpu = 00:00:14 ; elapsed = 00:00:12 . Memory (MB): peak = 2294.523 ; gain = 164.164 ; free physical = 280 ; free virtual = 6014

Routing Is Done.
INFO: [Common 17-83] Releasing license: Implementation
54 Infos, 0 Warnings, 0 Critical Warnings and 0 Errors encountered.
route_design completed successfully
route_design: Time (s): cpu = 00:00:16 ; elapsed = 00:00:13 . Memory (MB): peak = 2294.523 ; gain = 164.164 ; free physical = 280 ; free virtual = 6014
INFO: [Timing 38-480] Writing timing data to binary archive.
Writing placer database...
Writing XDEF routing.
Writing XDEF routing logical nets.
Writing XDEF routing special nets.
Write XDEF Complete: Time (s): cpu = 00:00:00.07 ; elapsed = 00:00:00.01 . Memory (MB): peak = 2294.523 ; gain = 0.000 ; free physical = 276 ; free virtual = 6011
INFO: [Common 17-1381] The checkpoint '/home/adam/COMSE6424/avnet01/avnet01.runs/impl_1/System_wrapper_routed.dcp' has been generated.
INFO: [runtcl-4] Executing : report_drc -file System_wrapper_drc_routed.rpt -pb System_wrapper_drc_routed.pb -rpx System_wrapper_drc_routed.rpx
Command: report_drc -file System_wrapper_drc_routed.rpt -pb System_wrapper_drc_routed.pb -rpx System_wrapper_drc_routed.rpx
INFO: [DRC 23-27] Running DRC with 8 threads
INFO: [Coretcl 2-168] The results of DRC are in file /home/adam/COMSE6424/avnet01/avnet01.runs/impl_1/System_wrapper_drc_routed.rpt.
report_drc completed successfully
INFO: [runtcl-4] Executing : report_methodology -file System_wrapper_methodology_drc_routed.rpt -pb System_wrapper_methodology_drc_routed.pb -rpx System_wrapper_methodology_drc_routed.rpx
Command: report_methodology -file System_wrapper_methodology_drc_routed.rpt -pb System_wrapper_methodology_drc_routed.pb -rpx System_wrapper_methodology_drc_routed.rpx
INFO: [Timing 38-35] Done setting XDC timing constraints.
INFO: [Timing 38-35] Done setting XDC timing constraints.
INFO: [DRC 23-133] Running Methodology with 8 threads
INFO: [Coretcl 2-1520] The results of Report Methodology are in file /home/adam/COMSE6424/avnet01/avnet01.runs/impl_1/System_wrapper_methodology_drc_routed.rpt.
report_methodology completed successfully
INFO: [runtcl-4] Executing : report_power -file System_wrapper_power_routed.rpt -pb System_wrapper_power_summary_routed.pb -rpx System_wrapper_power_routed.rpx
Command: report_power -file System_wrapper_power_routed.rpt -pb System_wrapper_power_summary_routed.pb -rpx System_wrapper_power_routed.rpx
WARNING: [Power 33-232] No user defined clocks were found in the design!
Resolution: Please specify clocks using create_clock/create_generated_clock for sequential elements. For pure combinatorial circuits, please specify a virtual clock, otherwise the vectorless estimation might be inaccurate
INFO: [Timing 38-35] Done setting XDC timing constraints.
Running Vector-less Activity Propagation...

Finished Running Vector-less Activity Propagation
66 Infos, 1 Warnings, 0 Critical Warnings and 0 Errors encountered.
report_power completed successfully
INFO: [runtcl-4] Executing : report_route_status -file System_wrapper_route_status.rpt -pb System_wrapper_route_status.pb
INFO: [runtcl-4] Executing : report_timing_summary -max_paths 10 -file System_wrapper_timing_summary_routed.rpt -pb System_wrapper_timing_summary_routed.pb -rpx System_wrapper_timing_summary_routed.rpx -warn_on_violation 
INFO: [Timing 38-91] UpdateTimingParams: Speed grade: -1, Delay Type: min_max, Timing Stage: Requireds.
INFO: [Timing 38-191] Multithreading enabled for timing update using a maximum of 8 CPUs
WARNING: [Timing 38-313] There are no user specified timing constraints. Timing constraints are needed for proper timing analysis.
INFO: [runtcl-4] Executing : report_incremental_reuse -file System_wrapper_incremental_reuse_routed.rpt
INFO: [Vivado_Tcl 4-545] No incremental reuse to report, no incremental placement and routing data was found.
INFO: [runtcl-4] Executing : report_clock_utilization -file System_wrapper_clock_utilization_routed.rpt
INFO: [runtcl-4] Executing : report_bus_skew -warn_on_violation -file System_wrapper_bus_skew_routed.rpt -pb System_wrapper_bus_skew_routed.pb -rpx System_wrapper_bus_skew_routed.rpx
INFO: [Timing 38-91] UpdateTimingParams: Speed grade: -1, Delay Type: min_max, Timing Stage: Requireds.
INFO: [Timing 38-191] Multithreading enabled for timing update using a maximum of 8 CPUs
Command: write_bitstream -force System_wrapper.bit
Attempting to get a license for feature 'Implementation' and/or device 'xc7z020'
INFO: [Common 17-349] Got license for feature 'Implementation' and/or device 'xc7z020'
Running DRC as a precondition to command write_bitstream
INFO: [DRC 23-27] Running DRC with 8 threads
INFO: [Vivado 12-3199] DRC finished with 0 Errors
INFO: [Vivado 12-3200] Please refer to the DRC report (report_drc) for more information.
INFO: [Designutils 20-2272] Running write_bitstream with 8 threads.
Loading data files...
Loading site data...
Loading route data...
Processing options...
Creating bitmap...
Creating bitstream...
Writing bitstream ./System_wrapper.bit...
INFO: [Vivado 12-1842] Bitgen Completed Successfully.
INFO: [Project 1-118] WebTalk data collection is enabled (User setting is ON. Install Setting is ON.).
INFO: [Common 17-186] '/home/adam/COMSE6424/avnet01/avnet01.runs/impl_1/usage_statistics_webtalk.xml' has been successfully sent to Xilinx on Wed Oct 31 10:48:16 2018. For additional details about this file, please refer to the WebTalk help file at /opt/Xilinx/Vivado/2018.2/doc/webtalk_introduction.html.
INFO: [Common 17-83] Releasing license: Implementation
85 Infos, 2 Warnings, 0 Critical Warnings and 0 Errors encountered.
write_bitstream completed successfully
write_bitstream: Time (s): cpu = 00:00:07 ; elapsed = 00:02:18 . Memory (MB): peak = 2654.848 ; gain = 272.281 ; free physical = 676 ; free virtual = 6077
INFO: [Common 17-206] Exiting Vivado at Wed Oct 31 10:48:16 2018...
